<?xml version="1.0" encoding="UTF-8"?>
<!-- Generated by org.testng.reporters.JUnitReportReporter -->
<testsuite hostname="DESKTOP-QOQL0HO" failures="0" tests="1" name="shopper_stack.TC_06_Electronic" time="73.179" errors="0" timestamp="2024-02-19T23:08:17 GMT-08:00" skipped="0">
  <testcase classname="shopper_stack.TC_06_Electronic" name="electronic" time="73.179"/>
  <system-out>
    <![CDATA[Electronic--ACTUAL PRICE  ₹89999]]>
  </system-out>
</testsuite> <!-- shopper_stack.TC_06_Electronic -->
