<?xml version="1.0" encoding="UTF-8"?>
<testng-results ignored="0" total="1" passed="1" failed="0" skipped="0">
  <reporter-output>
    <line>
      <![CDATA[LOGIN SUCCESSFULLY COMPLETED]]>
    </line>
  </reporter-output>
  <suite started-at="2024-02-27T01:34:28 GMT-08:00" name="Default suite" finished-at="2024-02-27T01:35:04 GMT-08:00" duration-ms="35822">
    <groups>
    </groups>
    <test started-at="2024-02-27T01:34:28 GMT-08:00" name="Default test" finished-at="2024-02-27T01:35:04 GMT-08:00" duration-ms="35822">
      <class name="shopper_stack.TC_02_Login">
        <test-method signature="login()[pri:0, instance:shopper_stack.TC_02_Login@49912c99]" started-at="2024-02-27T01:34:28 GMT-08:00" name="login" finished-at="2024-02-27T01:35:04 GMT-08:00" duration-ms="35763" status="PASS">
          <reporter-output>
            <line>
              <![CDATA[LOGIN SUCCESSFULLY COMPLETED]]>
            </line>
          </reporter-output>
        </test-method> <!-- login -->
      </class> <!-- shopper_stack.TC_02_Login -->
    </test> <!-- Default test -->
  </suite> <!-- Default suite -->
</testng-results>
