<?xml version="1.0" encoding="UTF-8"?>
<!-- Generated by org.testng.reporters.JUnitXMLReporter -->
<testsuite ignored="4" hostname="DESKTOP-QOQL0HO" failures="0" tests="3" name="Test" time="129.291" errors="0" timestamp="2024-02-20T21:57:55 GMT-08:00">
  <testcase classname="shopper_stack.TC_05_Kids" name="kids" time="51.985"/>
  <testcase classname="shopper_stack.TC_01_Register" name="register" time="35.344"/>
  <testcase classname="shopper_stack.TC_03_Men" name="men" time="41.901"/>
  <testcase classname="shopper_stack.TC_06_Electronic" name="electronic" time="0.0">
    <ignored/>
  </testcase> <!-- electronic -->
  <testcase classname="shopper_stack.TC_02_Login" name="login" time="0.0">
    <ignored/>
  </testcase> <!-- login -->
  <testcase classname="shopper_stack.TC_04_Women" name="women" time="0.0">
    <ignored/>
  </testcase> <!-- women -->
  <testcase classname="shopper_stack.TC_07_Beauty" name="beauty" time="0.0">
    <ignored/>
  </testcase> <!-- beauty -->
</testsuite> <!-- Test -->
